This is pdfTeX, Version 3.14159265-2.6-1.40.16 (MiKTeX 2.9) (preloaded format=pdflatex 2015.11.17)  11 APR 2017 16:48
entering extended mode
**master.tex
(master.tex
LaTeX2e <2015/10/01> patch level 2
Babel <3.9m> and hyphenation patterns for 69 languages loaded.
("C:\Program Files (x86)\MiKTeX 2.9\tex\latex\base\report.cls"
Document Class: report 2014/09/29 v1.4h Standard LaTeX document class
("C:\Program Files (x86)\MiKTeX 2.9\tex\latex\base\size12.clo"
File: size12.clo 2014/09/29 v1.4h Standard LaTeX file (size option)
)
\c@part=\count79
\c@chapter=\count80
\c@section=\count81
\c@subsection=\count82
\c@subsubsection=\count83
\c@paragraph=\count84
\c@subparagraph=\count85
\c@figure=\count86
\c@table=\count87
\abovecaptionskip=\skip41
\belowcaptionskip=\skip42
\bibindent=\dimen102
)
("C:\Program Files (x86)\MiKTeX 2.9\tex\latex\amsmath\amsmath.sty"
Package: amsmath 2013/01/14 v2.14 AMS math features
\@mathmargin=\skip43

For additional information on amsmath, use the `?' option.
("C:\Program Files (x86)\MiKTeX 2.9\tex\latex\amsmath\amstext.sty"
Package: amstext 2000/06/29 v2.01

("C:\Program Files (x86)\MiKTeX 2.9\tex\latex\amsmath\amsgen.sty"
File: amsgen.sty 1999/11/30 v2.0
\@emptytoks=\toks14
\ex@=\dimen103
))
("C:\Program Files (x86)\MiKTeX 2.9\tex\latex\amsmath\amsbsy.sty"
Package: amsbsy 1999/11/29 v1.2d
\pmbraise@=\dimen104
)
("C:\Program Files (x86)\MiKTeX 2.9\tex\latex\amsmath\amsopn.sty"
Package: amsopn 1999/12/14 v2.01 operator names
)
\inf@bad=\count88
LaTeX Info: Redefining \frac on input line 210.
\uproot@=\count89
\leftroot@=\count90
LaTeX Info: Redefining \overline on input line 306.
\classnum@=\count91
\DOTSCASE@=\count92
LaTeX Info: Redefining \ldots on input line 378.
LaTeX Info: Redefining \dots on input line 381.
LaTeX Info: Redefining \cdots on input line 466.
\Mathstrutbox@=\box26
\strutbox@=\box27
\big@size=\dimen105
LaTeX Font Info:    Redeclaring font encoding OML on input line 566.
LaTeX Font Info:    Redeclaring font encoding OMS on input line 567.
\macc@depth=\count93
\c@MaxMatrixCols=\count94
\dotsspace@=\muskip10
\c@parentequation=\count95
\dspbrk@lvl=\count96
\tag@help=\toks15
\row@=\count97
\column@=\count98
\maxfields@=\count99
\andhelp@=\toks16
\eqnshift@=\dimen106
\alignsep@=\dimen107
\tagshift@=\dimen108
\tagwidth@=\dimen109
\totwidth@=\dimen110
\lineht@=\dimen111
\@envbody=\toks17
\multlinegap=\skip44
\multlinetaggap=\skip45
\mathdisplay@stack=\toks18
LaTeX Info: Redefining \[ on input line 2665.
LaTeX Info: Redefining \] on input line 2666.
)
("C:\Program Files (x86)\MiKTeX 2.9\tex\latex\jknappen\mathrsfs.sty"
Package: mathrsfs 1996/01/01 Math RSFS package v1.0 (jk)
\symrsfs=\mathgroup4
)
("C:\Program Files (x86)\MiKTeX 2.9\tex\latex\cite\cite.sty"
LaTeX Info: Redefining \cite on input line 302.
LaTeX Info: Redefining \nocite on input line 332.
Package: cite 2015/02/27  v 5.5
)
("C:\Program Files (x86)\MiKTeX 2.9\tex\latex\tools\dcolumn.sty"
Package: dcolumn 2014/10/28 v1.06 decimal alignment package (DPC)

("C:\Program Files (x86)\MiKTeX 2.9\tex\latex\tools\array.sty"
Package: array 2014/10/28 v2.4c Tabular extension package (FMi)
\col@sep=\dimen112
\extrarowheight=\dimen113
\NC@list=\toks19
\extratabsurround=\skip46
\backup@length=\skip47
))
("C:\Program Files (x86)\MiKTeX 2.9\tex\latex\psnfss\times.sty"
Package: times 2005/04/12 PSNFSS-v9.2a (SPQR) 
)
("C:\Program Files (x86)\MiKTeX 2.9\tex\latex\fancyhdr\fancyhdr.sty"
\fancy@headwidth=\skip48
\f@ncyO@elh=\skip49
\f@ncyO@erh=\skip50
\f@ncyO@olh=\skip51
\f@ncyO@orh=\skip52
\f@ncyO@elf=\skip53
\f@ncyO@erf=\skip54
\f@ncyO@olf=\skip55
\f@ncyO@orf=\skip56
)
("C:\Program Files (x86)\MiKTeX 2.9\tex\latex\setspace\setspace.sty"
Package: setspace 2011/12/19 v6.7a set line spacing
)
("C:\Program Files (x86)\MiKTeX 2.9\tex\latex\base\latexsym.sty"
Package: latexsym 1998/08/17 v2.2e Standard LaTeX package (lasy symbols)
\symlasy=\mathgroup5
LaTeX Font Info:    Overwriting symbol font `lasy' in version `bold'
(Font)                  U/lasy/m/n --> U/lasy/b/n on input line 52.
)
("C:\Program Files (x86)\MiKTeX 2.9\tex\latex\graphics\graphicx.sty"
Package: graphicx 2014/10/28 v1.0g Enhanced LaTeX Graphics (DPC,SPQR)

("C:\Program Files (x86)\MiKTeX 2.9\tex\latex\graphics\keyval.sty"
Package: keyval 2014/10/28 v1.15 key=value parser (DPC)
\KV@toks@=\toks20
)
("C:\Program Files (x86)\MiKTeX 2.9\tex\latex\graphics\graphics.sty"
Package: graphics 2014/10/28 v1.0p Standard LaTeX Graphics (DPC,SPQR)

("C:\Program Files (x86)\MiKTeX 2.9\tex\latex\graphics\trig.sty"
Package: trig 1999/03/16 v1.09 sin cos tan (DPC)
)
("C:\Program Files (x86)\MiKTeX 2.9\tex\latex\00miktex\graphics.cfg"
File: graphics.cfg 2007/01/18 v1.5 graphics configuration of teTeX/TeXLive
)
Package graphics Info: Driver file: pdftex.def on input line 94.

("C:\Program Files (x86)\MiKTeX 2.9\tex\latex\pdftex-def\pdftex.def"
File: pdftex.def 2011/05/27 v0.06d Graphics/color for pdfTeX

("C:\Program Files (x86)\MiKTeX 2.9\tex\generic\oberdiek\infwarerr.sty"
Package: infwarerr 2010/04/08 v1.3 Providing info/warning/error messages (HO)
)
("C:\Program Files (x86)\MiKTeX 2.9\tex\generic\oberdiek\ltxcmds.sty"
Package: ltxcmds 2011/11/09 v1.22 LaTeX kernel commands for general use (HO)
)
\Gread@gobject=\count100
))
\Gin@req@height=\dimen114
\Gin@req@width=\dimen115
)
("C:\Program Files (x86)\MiKTeX 2.9\tex\latex\rotating\rotating.sty"
Package: rotating 2009/03/28 v2.16a rotated objects in LaTeX

("C:\Program Files (x86)\MiKTeX 2.9\tex\latex\base\ifthen.sty"
Package: ifthen 2014/09/29 v1.1c Standard LaTeX ifthen package (DPC)
)
\c@r@tfl@t=\count101
\rotFPtop=\skip57
\rotFPbot=\skip58
\rot@float@box=\box28
\rot@mess@toks=\toks21
)
("C:\Program Files (x86)\MiKTeX 2.9\tex\latex\oberdiek\epstopdf.sty"
Package: epstopdf 2010/02/09 v2.5 Conversion with epstopdf on the fly (HO)

("C:\Program Files (x86)\MiKTeX 2.9\tex\latex\oberdiek\epstopdf-base.sty"
Package: epstopdf-base 2010/02/09 v2.5 Base part for package epstopdf

("C:\Program Files (x86)\MiKTeX 2.9\tex\latex\oberdiek\grfext.sty"
Package: grfext 2010/08/19 v1.1 Manage graphics extensions (HO)

("C:\Program Files (x86)\MiKTeX 2.9\tex\generic\oberdiek\kvdefinekeys.sty"
Package: kvdefinekeys 2011/04/07 v1.3 Define keys (HO)
))
("C:\Program Files (x86)\MiKTeX 2.9\tex\latex\oberdiek\kvoptions.sty"
Package: kvoptions 2011/06/30 v3.11 Key value format for package options (HO)

("C:\Program Files (x86)\MiKTeX 2.9\tex\generic\oberdiek\kvsetkeys.sty"
Package: kvsetkeys 2012/04/25 v1.16 Key value parser (HO)

("C:\Program Files (x86)\MiKTeX 2.9\tex\generic\oberdiek\etexcmds.sty"
Package: etexcmds 2011/02/16 v1.5 Avoid name clashes with e-TeX commands (HO)

("C:\Program Files (x86)\MiKTeX 2.9\tex\generic\oberdiek\ifluatex.sty"
Package: ifluatex 2010/03/01 v1.3 Provides the ifluatex switch (HO)
Package ifluatex Info: LuaTeX not detected.
)
Package etexcmds Info: Could not find \expanded.
(etexcmds)             That can mean that you are not using pdfTeX 1.50 or
(etexcmds)             that some package has redefined \expanded.
(etexcmds)             In the latter case, load this package earlier.
)))
("C:\Program Files (x86)\MiKTeX 2.9\tex\generic\oberdiek\pdftexcmds.sty"
Package: pdftexcmds 2011/11/29 v0.20 Utility functions of pdfTeX for LuaTeX (HO
)

("C:\Program Files (x86)\MiKTeX 2.9\tex\generic\oberdiek\ifpdf.sty"
Package: ifpdf 2011/01/30 v2.3 Provides the ifpdf switch (HO)
Package ifpdf Info: pdfTeX in PDF mode is detected.
)
Package pdftexcmds Info: LuaTeX not detected.
Package pdftexcmds Info: \pdf@primitive is available.
Package pdftexcmds Info: \pdf@ifprimitive is available.
Package pdftexcmds Info: \pdfdraftmode found.
)
Package grfext Info: Graphics extension search list:
(grfext)             [.png,.pdf,.jpg,.mps,.jpeg,.jbig2,.jb2,.PNG,.PDF,.JPG,.JPE
G,.JBIG2,.JB2,.eps]
(grfext)             \AppendGraphicsExtensions on input line 452.
))
(byustyle.sty
Package: byustyle 2006/05/17 BYU Style v1.0 Provides support for some of the re
quired BYU Thesis/Dissertation formatting WARNING: College guidelines may diffe
r in some details. This template is maintained by students, not the college or 
department.
 (xkeyval.sty
Package: xkeyval 2005/11/25 v2.5e package option processing (HA)
 (xkeyval.tex
\XKV@toks=\toks22
\XKV@depth=\count102
File: xkeyval.tex 2005/11/25 v2.5e key=value parser (HA)
)) (chngpage.sty
Package: chngpage 2003/08/10 v1.2 change page layout
\c@cp@cnt=\count103
\c@cp@tempcnt=\count104
)
("C:\Program Files (x86)\MiKTeX 2.9\tex\latex\tools\afterpage.sty"
Package: afterpage 2014/10/28 v1.08 After-Page Package (DPC)
\AP@output=\toks23
\AP@partial=\box29
\AP@footins=\box30
))
("C:\Program Files (x86)\MiKTeX 2.9\tex\latex\booktabs\booktabs.sty"
Package: booktabs 2005/04/14 v1.61803 publication quality tables
\heavyrulewidth=\dimen116
\lightrulewidth=\dimen117
\cmidrulewidth=\dimen118
\belowrulesep=\dimen119
\belowbottomsep=\dimen120
\aboverulesep=\dimen121
\abovetopsep=\dimen122
\cmidrulesep=\dimen123
\cmidrulekern=\dimen124
\defaultaddspace=\dimen125
\@cmidla=\count105
\@cmidlb=\count106
\@aboverulesep=\dimen126
\@belowrulesep=\dimen127
\@thisruleclass=\count107
\@lastruleclass=\count108
\@thisrulewidth=\dimen128
)
("C:\Program Files (x86)\MiKTeX 2.9\tex\latex\units\nicefrac.sty"
Package: nicefrac 1998/08/04 v0.9b Nice fractions
\L@UnitsRaiseDisplaystyle=\skip59
\L@UnitsRaiseTextstyle=\skip60
\L@UnitsRaiseScriptstyle=\skip61
)
("C:\Program Files (x86)\MiKTeX 2.9\tex\latex\mathtools\mathtools.sty"
Package: mathtools 2015/06/17 v1.17 mathematical typesetting tools

("C:\Program Files (x86)\MiKTeX 2.9\tex\latex\tools\calc.sty"
Package: calc 2014/10/28 v4.3 Infix arithmetic (KKT,FJ)
\calc@Acount=\count109
\calc@Bcount=\count110
\calc@Adimen=\dimen129
\calc@Bdimen=\dimen130
\calc@Askip=\skip62
\calc@Bskip=\skip63
LaTeX Info: Redefining \setlength on input line 80.
LaTeX Info: Redefining \addtolength on input line 81.
\calc@Ccount=\count111
\calc@Cskip=\skip64
)
("C:\Program Files (x86)\MiKTeX 2.9\tex\latex\mathtools\mhsetup.sty"
Package: mhsetup 2010/01/21 v1.2a programming setup (MH)
)
LaTeX Info: Thecontrolsequence`\('isalreadyrobust on input line 129.
LaTeX Info: Thecontrolsequence`\)'isalreadyrobust on input line 129.
LaTeX Info: Thecontrolsequence`\['isalreadyrobust on input line 129.
LaTeX Info: Thecontrolsequence`\]'isalreadyrobust on input line 129.
\g_MT_multlinerow_int=\count112
\l_MT_multwidth_dim=\dimen131
\origjot=\skip65
\l_MT_shortvdotswithinadjustabove_dim=\dimen132
\l_MT_shortvdotswithinadjustbelow_dim=\dimen133
\l_MT_above_intertext_sep=\dimen134
\l_MT_below_intertext_sep=\dimen135
\l_MT_above_shortintertext_sep=\dimen136
\l_MT_below_shortintertext_sep=\dimen137
)
("C:\Program Files (x86)\MiKTeX 2.9\tex\latex\listings\listings.sty"
\lst@mode=\count113
\lst@gtempboxa=\box31
\lst@token=\toks24
\lst@length=\count114
\lst@currlwidth=\dimen138
\lst@column=\count115
\lst@pos=\count116
\lst@lostspace=\dimen139
\lst@width=\dimen140
\lst@newlines=\count117
\lst@lineno=\count118
\lst@maxwidth=\dimen141

("C:\Program Files (x86)\MiKTeX 2.9\tex\latex\listings\lstmisc.sty"
File: lstmisc.sty 2015/06/04 1.6 (Carsten Heinz)
\c@lstnumber=\count119
\lst@skipnumbers=\count120
\lst@framebox=\box32
)
("C:\Program Files (x86)\MiKTeX 2.9\tex\latex\listings\listings.cfg"
File: listings.cfg 2015/06/04 1.6 listings configuration
))
Package: listings 2015/06/04 1.6 (Carsten Heinz)

("C:\Program Files (x86)\MiKTeX 2.9\tex\latex\xcolor\xcolor.sty"
Package: xcolor 2007/01/21 v2.11 LaTeX color extensions (UK)

("C:\Program Files (x86)\MiKTeX 2.9\tex\latex\00miktex\color.cfg"
File: color.cfg 2007/01/18 v1.5 color configuration of teTeX/TeXLive
)
Package xcolor Info: Driver file: pdftex.def on input line 225.
Package xcolor Info: Model `cmy' substituted by `cmy0' on input line 1337.
Package xcolor Info: Model `hsb' substituted by `rgb' on input line 1341.
Package xcolor Info: Model `RGB' extended on input line 1353.
Package xcolor Info: Model `HTML' substituted by `rgb' on input line 1355.
Package xcolor Info: Model `Hsb' substituted by `hsb' on input line 1356.
Package xcolor Info: Model `tHsb' substituted by `hsb' on input line 1357.
Package xcolor Info: Model `HSB' substituted by `hsb' on input line 1358.
Package xcolor Info: Model `Gray' substituted by `gray' on input line 1359.
Package xcolor Info: Model `wave' substituted by `hsb' on input line 1360.
)
("C:\Program Files (x86)\MiKTeX 2.9\tex\latex\matlab-prettifier\matlab-prettifi
er.sty"
Package: matlab-prettifier 2014/06/19 v0.3 A package for prettyprinting Matlab 
source code
 ("C:\Program Files (x86)\MiKTeX 2.9\tex\latex\base\textcomp.sty"
Package: textcomp 2005/09/27 v1.99g Standard LaTeX package
Package textcomp Info: Sub-encoding information:
(textcomp)               5 = only ISO-Adobe without \textcurrency
(textcomp)               4 = 5 + \texteuro
(textcomp)               3 = 4 + \textohm
(textcomp)               2 = 3 + \textestimated + \textcurrency
(textcomp)               1 = TS1 - \textcircled - \t
(textcomp)               0 = TS1 (full)
(textcomp)             Font families with sub-encoding setting implement
(textcomp)             only a restricted character set as indicated.
(textcomp)             Family '?' is the default used for unknown fonts.
(textcomp)             See the documentation for details.
Package textcomp Info: Setting ? sub-encoding to TS1/1 on input line 79.

("C:\Program Files (x86)\MiKTeX 2.9\tex\latex\base\ts1enc.def"
File: ts1enc.def 2001/06/05 v3.0e (jk/car/fm) Standard LaTeX file
)
LaTeX Info: Redefining \oldstylenums on input line 334.
Package textcomp Info: Setting cmr sub-encoding to TS1/0 on input line 349.
Package textcomp Info: Setting cmss sub-encoding to TS1/0 on input line 350.
Package textcomp Info: Setting cmtt sub-encoding to TS1/0 on input line 351.
Package textcomp Info: Setting cmvtt sub-encoding to TS1/0 on input line 352.
Package textcomp Info: Setting cmbr sub-encoding to TS1/0 on input line 353.
Package textcomp Info: Setting cmtl sub-encoding to TS1/0 on input line 354.
Package textcomp Info: Setting ccr sub-encoding to TS1/0 on input line 355.
Package textcomp Info: Setting ptm sub-encoding to TS1/4 on input line 356.
Package textcomp Info: Setting pcr sub-encoding to TS1/4 on input line 357.
Package textcomp Info: Setting phv sub-encoding to TS1/4 on input line 358.
Package textcomp Info: Setting ppl sub-encoding to TS1/3 on input line 359.
Package textcomp Info: Setting pag sub-encoding to TS1/4 on input line 360.
Package textcomp Info: Setting pbk sub-encoding to TS1/4 on input line 361.
Package textcomp Info: Setting pnc sub-encoding to TS1/4 on input line 362.
Package textcomp Info: Setting pzc sub-encoding to TS1/4 on input line 363.
Package textcomp Info: Setting bch sub-encoding to TS1/4 on input line 364.
Package textcomp Info: Setting put sub-encoding to TS1/5 on input line 365.
Package textcomp Info: Setting uag sub-encoding to TS1/5 on input line 366.
Package textcomp Info: Setting ugq sub-encoding to TS1/5 on input line 367.
Package textcomp Info: Setting ul8 sub-encoding to TS1/4 on input line 368.
Package textcomp Info: Setting ul9 sub-encoding to TS1/4 on input line 369.
Package textcomp Info: Setting augie sub-encoding to TS1/5 on input line 370.
Package textcomp Info: Setting dayrom sub-encoding to TS1/3 on input line 371.
Package textcomp Info: Setting dayroms sub-encoding to TS1/3 on input line 372.

Package textcomp Info: Setting pxr sub-encoding to TS1/0 on input line 373.
Package textcomp Info: Setting pxss sub-encoding to TS1/0 on input line 374.
Package textcomp Info: Setting pxtt sub-encoding to TS1/0 on input line 375.
Package textcomp Info: Setting txr sub-encoding to TS1/0 on input line 376.
Package textcomp Info: Setting txss sub-encoding to TS1/0 on input line 377.
Package textcomp Info: Setting txtt sub-encoding to TS1/0 on input line 378.
Package textcomp Info: Setting lmr sub-encoding to TS1/0 on input line 379.
Package textcomp Info: Setting lmdh sub-encoding to TS1/0 on input line 380.
Package textcomp Info: Setting lmss sub-encoding to TS1/0 on input line 381.
Package textcomp Info: Setting lmssq sub-encoding to TS1/0 on input line 382.
Package textcomp Info: Setting lmvtt sub-encoding to TS1/0 on input line 383.
Package textcomp Info: Setting lmtt sub-encoding to TS1/0 on input line 384.
Package textcomp Info: Setting qhv sub-encoding to TS1/0 on input line 385.
Package textcomp Info: Setting qag sub-encoding to TS1/0 on input line 386.
Package textcomp Info: Setting qbk sub-encoding to TS1/0 on input line 387.
Package textcomp Info: Setting qcr sub-encoding to TS1/0 on input line 388.
Package textcomp Info: Setting qcs sub-encoding to TS1/0 on input line 389.
Package textcomp Info: Setting qpl sub-encoding to TS1/0 on input line 390.
Package textcomp Info: Setting qtm sub-encoding to TS1/0 on input line 391.
Package textcomp Info: Setting qzc sub-encoding to TS1/0 on input line 392.
Package textcomp Info: Setting qhvc sub-encoding to TS1/0 on input line 393.
Package textcomp Info: Setting futs sub-encoding to TS1/4 on input line 394.
Package textcomp Info: Setting futx sub-encoding to TS1/4 on input line 395.
Package textcomp Info: Setting futj sub-encoding to TS1/4 on input line 396.
Package textcomp Info: Setting hlh sub-encoding to TS1/3 on input line 397.
Package textcomp Info: Setting hls sub-encoding to TS1/3 on input line 398.
Package textcomp Info: Setting hlst sub-encoding to TS1/3 on input line 399.
Package textcomp Info: Setting hlct sub-encoding to TS1/5 on input line 400.
Package textcomp Info: Setting hlx sub-encoding to TS1/5 on input line 401.
Package textcomp Info: Setting hlce sub-encoding to TS1/5 on input line 402.
Package textcomp Info: Setting hlcn sub-encoding to TS1/5 on input line 403.
Package textcomp Info: Setting hlcw sub-encoding to TS1/5 on input line 404.
Package textcomp Info: Setting hlcf sub-encoding to TS1/5 on input line 405.
Package textcomp Info: Setting pplx sub-encoding to TS1/3 on input line 406.
Package textcomp Info: Setting pplj sub-encoding to TS1/3 on input line 407.
Package textcomp Info: Setting ptmx sub-encoding to TS1/4 on input line 408.
Package textcomp Info: Setting ptmj sub-encoding to TS1/4 on input line 409.
)
\netBracketCount@mlpr=\count121
\blkLvl@mlpr=\count122
\blkLvlAtClassdef@mlpr=\count123
\emHeight@mlpr=\skip66
\jayDepth@mlpr=\skip67
\sectionRuleOffset@mlpr=\skip68
\toks@mlpr=\toks25
)
("C:\Program Files (x86)\MiKTeX 2.9\tex\latex\filecontents\filecontents.sty"
Package: filecontents 2011/10/08 v1.3 Create an external file from within a LaT
eX document
)
("C:\Program Files (x86)\MiKTeX 2.9\tex\latex\amsfonts\amssymb.sty"
Package: amssymb 2013/01/14 v3.01 AMS font symbols

("C:\Program Files (x86)\MiKTeX 2.9\tex\latex\amsfonts\amsfonts.sty"
Package: amsfonts 2013/01/14 v3.01 Basic AMSFonts support
\symAMSa=\mathgroup6
\symAMSb=\mathgroup7
LaTeX Font Info:    Overwriting math alphabet `\mathfrak' in version `bold'
(Font)                  U/euf/m/n --> U/euf/b/n on input line 106.
))
("C:\Program Files (x86)\MiKTeX 2.9\tex\latex\subfigure\subfigure.sty"
Package: subfigure 2002/07/30 v2.1.4 subfigure package
\subfigtopskip=\skip69
\subfigcapskip=\skip70
\subfigcaptopadj=\dimen142
\subfigbottomskip=\skip71
\subfigcapmargin=\dimen143
\subfiglabelskip=\skip72
\c@subfigure=\count124
\c@lofdepth=\count125
\c@subtable=\count126
\c@lotdepth=\count127

****************************************
* Local config file subfigure.cfg used *
****************************************
("C:\Program Files (x86)\MiKTeX 2.9\tex\latex\subfigure\subfigure.cfg")
\subfig@top=\skip73
\subfig@bottom=\skip74
)
("C:\Program Files (x86)\MiKTeX 2.9\tex\latex\hyperref\hyperref.sty"
Package: hyperref 2012/11/06 v6.83m Hypertext links for LaTeX

("C:\Program Files (x86)\MiKTeX 2.9\tex\generic\oberdiek\hobsub-hyperref.sty"
Package: hobsub-hyperref 2012/04/25 v1.12 Bundle oberdiek, subset hyperref (HO)


("C:\Program Files (x86)\MiKTeX 2.9\tex\generic\oberdiek\hobsub-generic.sty"
Package: hobsub-generic 2012/04/25 v1.12 Bundle oberdiek, subset generic (HO)
Package: hobsub 2012/04/25 v1.12 Construct package bundles (HO)
Package hobsub Info: Skipping package `infwarerr' (already loaded).
Package hobsub Info: Skipping package `ltxcmds' (already loaded).
Package hobsub Info: Skipping package `ifluatex' (already loaded).
Package: ifvtex 2010/03/01 v1.5 Detect VTeX and its facilities (HO)
Package ifvtex Info: VTeX not detected.
Package: intcalc 2007/09/27 v1.1 Expandable calculations with integers (HO)
Package hobsub Info: Skipping package `ifpdf' (already loaded).
Package hobsub Info: Skipping package `etexcmds' (already loaded).
Package hobsub Info: Skipping package `kvsetkeys' (already loaded).
Package hobsub Info: Skipping package `kvdefinekeys' (already loaded).
Package hobsub Info: Skipping package `pdftexcmds' (already loaded).
Package: pdfescape 2011/11/25 v1.13 Implements pdfTeX's escape features (HO)
Package: bigintcalc 2012/04/08 v1.3 Expandable calculations on big integers (HO
)
Package: bitset 2011/01/30 v1.1 Handle bit-vector datatype (HO)
Package: uniquecounter 2011/01/30 v1.2 Provide unlimited unique counter (HO)
)
Package hobsub Info: Skipping package `hobsub' (already loaded).
Package: letltxmacro 2010/09/02 v1.4 Let assignment for LaTeX macros (HO)
Package: hopatch 2011/06/24 v1.1 Wrapper for package hooks (HO)
Package: xcolor-patch 2011/01/30 xcolor patch
Package: atveryend 2011/06/30 v1.8 Hooks at the very end of document (HO)
Package atveryend Info: \AP@enddocument detected (standard20110627).
Package: atbegshi 2011/10/05 v1.16 At begin shipout hook (HO)
Package: refcount 2011/10/16 v3.4 Data extraction from label references (HO)
Package: hycolor 2011/01/30 v1.7 Color options for hyperref/bookmark (HO)
)
("C:\Program Files (x86)\MiKTeX 2.9\tex\generic\ifxetex\ifxetex.sty"
Package: ifxetex 2010/09/12 v0.6 Provides ifxetex conditional
)
("C:\Program Files (x86)\MiKTeX 2.9\tex\latex\oberdiek\auxhook.sty"
Package: auxhook 2011/03/04 v1.3 Hooks for auxiliary files (HO)
)
\@linkdim=\dimen144
\Hy@linkcounter=\count128
\Hy@pagecounter=\count129

("C:\Program Files (x86)\MiKTeX 2.9\tex\latex\hyperref\pd1enc.def"
File: pd1enc.def 2012/11/06 v6.83m Hyperref: PDFDocEncoding definition (HO)
)
\Hy@SavedSpaceFactor=\count130

("C:\Program Files (x86)\MiKTeX 2.9\tex\latex\00miktex\hyperref.cfg"
File: hyperref.cfg 2002/06/06 v1.2 hyperref configuration of TeXLive
)
Package hyperref Info: Option `plainpages' set `false' on input line 4319.
Package hyperref Info: Hyper figures OFF on input line 4443.
Package hyperref Info: Link nesting OFF on input line 4448.
Package hyperref Info: Hyper index ON on input line 4451.
Package hyperref Info: Plain pages OFF on input line 4458.
Package hyperref Info: Backreferencing ON on input line 4461.
Package hyperref Info: Implicit mode ON; LaTeX internals redefined.
Package hyperref Info: Bookmarks ON on input line 4688.

("C:\Program Files (x86)\MiKTeX 2.9\tex\latex\hyperref\backref.sty"
Package: backref 2012/07/25 v1.38 Bibliographical back referencing

("C:\Program Files (x86)\MiKTeX 2.9\tex\latex\oberdiek\rerunfilecheck.sty"
Package: rerunfilecheck 2011/04/15 v1.7 Rerun checks for auxiliary files (HO)
Package uniquecounter Info: New unique counter `rerunfilecheck' on input line 2
82.
))
\c@Hy@tempcnt=\count131

("C:\Program Files (x86)\MiKTeX 2.9\tex\latex\url\url.sty"
\Urlmuskip=\muskip11
Package: url 2013/09/16  ver 3.4  Verb mode for urls, etc.
)
LaTeX Info: Redefining \url on input line 5041.
\XeTeXLinkMargin=\dimen145
\Fld@menulength=\count132
\Field@Width=\dimen146
\Fld@charsize=\dimen147
Package hyperref Info: Hyper figures OFF on input line 6295.
Package hyperref Info: Link nesting OFF on input line 6300.
Package hyperref Info: Hyper index ON on input line 6303.
Package hyperref Info: backreferencing ON on input line 6308.
Package hyperref Info: Link coloring OFF on input line 6315.
Package hyperref Info: Link coloring with OCG OFF on input line 6320.
Package hyperref Info: PDF/A mode OFF on input line 6325.
LaTeX Info: Redefining \ref on input line 6365.
LaTeX Info: Redefining \pageref on input line 6369.
\Hy@abspage=\count133
\c@Item=\count134
\c@Hfootnote=\count135
)

Package hyperref Message: Driver (autodetected): hpdftex.

("C:\Program Files (x86)\MiKTeX 2.9\tex\latex\hyperref\hpdftex.def"
File: hpdftex.def 2012/11/06 v6.83m Hyperref driver for pdfTeX
\Fld@listcount=\count136
\c@bookmark@seq@number=\count137
\Hy@SectionHShift=\skip75
)
Package hyperref Info: Option `breaklinks' set `false' on input line 208.
Package hyperref Info: Option `linktocpage' set `false' on input line 208.
Package hyperref Info: Option `colorlinks' set `false' on input line 208.
Package hyperref Info: Option `bookmarksnumbered' set `true' on input line 208.

Package hyperref Info: Option `bookmarksopen' set `true' on input line 208.

(master.aux (intro-problemStatement.aux) (systemOverview.aux

LaTeX Warning: Label `eq:sample_autocorrelation' multiply defined.

) (signalProcessingInGPUs.aux) (equalizer_implementation_performance.aux)
(final_summary.aux))
LaTeX Font Info:    Checking defaults for OML/cmm/m/it on input line 247.
LaTeX Font Info:    ... okay on input line 247.
LaTeX Font Info:    Checking defaults for T1/cmr/m/n on input line 247.
LaTeX Font Info:    ... okay on input line 247.
LaTeX Font Info:    Checking defaults for OT1/cmr/m/n on input line 247.
LaTeX Font Info:    ... okay on input line 247.
LaTeX Font Info:    Checking defaults for OMS/cmsy/m/n on input line 247.
LaTeX Font Info:    ... okay on input line 247.
LaTeX Font Info:    Checking defaults for OMX/cmex/m/n on input line 247.
LaTeX Font Info:    ... okay on input line 247.
LaTeX Font Info:    Checking defaults for U/cmr/m/n on input line 247.
LaTeX Font Info:    ... okay on input line 247.
LaTeX Font Info:    Checking defaults for TS1/cmr/m/n on input line 247.
LaTeX Font Info:    Try loading font information for TS1+cmr on input line 247.


("C:\Program Files (x86)\MiKTeX 2.9\tex\latex\base\ts1cmr.fd"
File: ts1cmr.fd 2014/09/29 v2.5h Standard LaTeX font definitions
)
LaTeX Font Info:    ... okay on input line 247.
LaTeX Font Info:    Checking defaults for PD1/pdf/m/n on input line 247.
LaTeX Font Info:    ... okay on input line 247.
LaTeX Font Info:    Try loading font information for OT1+ptm on input line 247.


("C:\Program Files (x86)\MiKTeX 2.9\tex\latex\psnfss\ot1ptm.fd"
File: ot1ptm.fd 2001/06/04 font definitions for OT1/ptm.
)
("C:\Program Files (x86)\MiKTeX 2.9\tex\context\base\supp-pdf.mkii"
[Loading MPS to PDF converter (version 2006.09.02).]
\scratchcounter=\count138
\scratchdimen=\dimen148
\scratchbox=\box33
\nofMPsegments=\count139
\nofMParguments=\count140
\everyMPshowfont=\toks26
\MPscratchCnt=\count141
\MPscratchDim=\dimen149
\MPnumerator=\count142
\makeMPintoPDFobject=\count143
\everyMPtoPDFconversion=\toks27
)
\c@lstlisting=\count144
\AtBeginShipoutBox=\box34
Package hyperref Info: Link coloring OFF on input line 247.
 ("C:\Program Files (x86)\MiKTeX 2.9\tex\latex\hyperref\nameref.sty"
Package: nameref 2012/10/27 v2.43 Cross-referencing by name of section

("C:\Program Files (x86)\MiKTeX 2.9\tex\generic\oberdiek\gettitlestring.sty"
Package: gettitlestring 2010/12/03 v1.4 Cleanup title references (HO)
)
\c@section@level=\count145
)
LaTeX Info: Redefining \ref on input line 247.
LaTeX Info: Redefining \pageref on input line 247.
LaTeX Info: Redefining \nameref on input line 247.

(master.out) (master.out)
\@outlinefile=\write3
LaTeX Font Info:    Try loading font information for TS1+ptm on input line 256.


("C:\Program Files (x86)\MiKTeX 2.9\tex\latex\psnfss\ts1ptm.fd"
File: ts1ptm.fd 2001/06/04 font definitions for TS1/ptm.
) [1

{C:/Users/ecestudent/AppData/Local/MiKTeX/2.9/pdftex/config/pdftex.map}] [2

] (abstract.tex) [3] [4


] (acknowledgements.tex) [5] [6


]
LaTeX Font Info:    Font shape `OT1/ptm/bx/n' in size <14.4> not available
(Font)              Font shape `OT1/ptm/b/n' tried instead on input line 256.
 (master.toc
LaTeX Font Info:    Font shape `OT1/ptm/bx/n' in size <12> not available
(Font)              Font shape `OT1/ptm/b/n' tried instead on input line 1.
LaTeX Font Info:    Try loading font information for U+rsfs on input line 4.

("C:\Program Files (x86)\MiKTeX 2.9\tex\latex\jknappen\ursfs.fd"
File: ursfs.fd 1998/03/24 rsfs font definition file (jk)
)
LaTeX Font Info:    Try loading font information for U+lasy on input line 4.

("C:\Program Files (x86)\MiKTeX 2.9\tex\latex\base\ulasy.fd"
File: ulasy.fd 1998/08/17 v2.2e LaTeX symbol font definitions
)
LaTeX Font Info:    Try loading font information for U+msa on input line 4.

("C:\Program Files (x86)\MiKTeX 2.9\tex\latex\amsfonts\umsa.fd"
File: umsa.fd 2013/01/14 v3.01 AMS symbols A
)
LaTeX Font Info:    Try loading font information for U+msb on input line 4.

("C:\Program Files (x86)\MiKTeX 2.9\tex\latex\amsfonts\umsb.fd"
File: umsb.fd 2013/01/14 v3.01 AMS symbols B
) [7


])
\tf@toc=\write4
 [8]
(master.lot)
\tf@lot=\write5
 [9


] [10

] (master.lof [11

] [12]
Underfull \hbox (badness 3333) in paragraph at lines 43--43
 [][] [][]\OT1/ptm/m/n/12 Block di-a-grams show-ing show-ing cas-caded time-dom
ain con-vo-lu-tion and 
 []

[13])
\tf@lof=\write6
 [14] (intro-problemStatement.tex
Chapter 1.
<figures/intro/Picture1.jpg, id=471, 876.3942pt x 193.6836pt>
File: figures/intro/Picture1.jpg Graphic file (type jpg)

<use figures/intro/Picture1.jpg>
Package pdftex.def Info: figures/intro/Picture1.jpg used on input line 15.
(pdftex.def)             Requested size: 437.5946pt x 96.70856pt.
 [1



]

LaTeX Warning: Reference `chap:equations' on page 2 undefined on input line 30.


) [2 <./figures/intro/Picture1.jpg>] (systemOverview.tex
Chapter 2.

<figures/systemOverview/hardwareblock.pdf, id=487, 5239.36426pt x 2880.5618pt>
File: figures/systemOverview/hardwareblock.pdf Graphic file (type pdf)

<use figures/systemOverview/hardwareblock.pdf>
Package pdftex.def Info: figures/systemOverview/hardwareblock.pdf used on input
 line 27.
(pdftex.def)             Requested size: 460.28763pt x 253.0419pt.

<figures/systemOverview/HostSystem.jpg, id=489, 828.696pt x 505.89pt>
File: figures/systemOverview/HostSystem.jpg Graphic file (type jpg)

<use figures/systemOverview/HostSystem.jpg>
Package pdftex.def Info: figures/systemOverview/HostSystem.jpg used on input li
ne 33.
(pdftex.def)             Requested size: 455.78421pt x 278.24034pt.
 [3



] [4 <./figures/systemOverview/hardwareblock.pdf>]
<figures/intro/packetSturcture.pdf, id=508, 4283.94472pt x 1218.18112pt>
File: figures/intro/packetSturcture.pdf Graphic file (type pdf)

<use figures/intro/packetSturcture.pdf>
Package pdftex.def Info: figures/intro/packetSturcture.pdf used on input line 7
4.
(pdftex.def)             Requested size: 376.418pt x 107.02925pt.
 [5 <./figures/systemOverview/HostSystem.jpg>] <figures/intro/received1.pdf, id
=518, 5635.38382pt x 1642.80756pt>
File: figures/intro/received1.pdf Graphic file (type pdf)

<use figures/intro/received1.pdf>
Package pdftex.def Info: figures/intro/received1.pdf used on input line 97.
(pdftex.def)             Requested size: 445.54443pt x 129.87312pt.

<figures/intro/channelExample.pdf, id=519, 2493.57599pt x 806.34648pt>
File: figures/intro/channelExample.pdf Graphic file (type pdf)

<use figures/intro/channelExample.pdf>
Package pdftex.def Info: figures/intro/channelExample.pdf used on input line 10
2.
(pdftex.def)             Requested size: 218.6161pt x 70.68556pt.

<figures/intro/estimators.pdf, id=522, 3959.4524pt x 1028.45227pt>
File: figures/intro/estimators.pdf Graphic file (type pdf)

<use figures/intro/estimators.pdf>
Package pdftex.def Info: figures/intro/estimators.pdf used on input line 119.
(pdftex.def)             Requested size: 347.7993pt x 90.32831pt.
 [6 <./figures/intro/packetSturcture.pdf>]
<figures/intro/thisThesisBlock5.pdf, id=536, 4727.40176pt x 4043.77744pt>
File: figures/intro/thisThesisBlock5.pdf Graphic file (type pdf)

<use figures/intro/thisThesisBlock5.pdf>
Package pdftex.def Info: figures/intro/thisThesisBlock5.pdf used on input line 
128.
(pdftex.def)             Requested size: 415.37102pt x 355.28584pt.
 [7 <./figures/intro/received1.pdf> <./figures/intro/channelExample.pdf> <./fig
ures/intro/estimators.pdf>] [8 <./figures/intro/thisThesisBlock5.pdf>] [9] [10]
 [11] [12]
Package epstopdf Info: Source file: <figures/eq_equations/df.eps>
(epstopdf)                    date: 2017-04-11 01:27:50
(epstopdf)                    size: 183937 bytes
(epstopdf)             Output file: <figures/eq_equations/df-eps-converted-to.p
df>
(epstopdf)                    date: 2017-04-11 01:28:11
(epstopdf)                    size: 6365 bytes
(epstopdf)             Command: <epstopdf --outfile=figures/eq_equations/df-eps
-converted-to.pdf figures/eq_equations/df.eps>
(epstopdf)             \includegraphics on input line 333.
Package epstopdf Info: Output file is already uptodate.

<figures/eq_equations/df-eps-converted-to.pdf, id=623, 319.1925pt x 273.02pt>
File: figures/eq_equations/df-eps-converted-to.pdf Graphic file (type pdf)

<use figures/eq_equations/df-eps-converted-to.pdf>
Package pdftex.def Info: figures/eq_equations/df-eps-converted-to.pdf used on i
nput line 333.
(pdftex.def)             Requested size: 361.34999pt x 309.07974pt.

<figures/systemOverview/OQPSK.pdf, id=626, 4122.08023pt x 2380.64406pt>
File: figures/systemOverview/OQPSK.pdf Graphic file (type pdf)

<use figures/systemOverview/OQPSK.pdf>
Package pdftex.def Info: figures/systemOverview/OQPSK.pdf used on input line 34
0.
(pdftex.def)             Requested size: 362.10823pt x 209.1268pt.
 [13] [14 <./figures/eq_equations/df-eps-converted-to.pdf> <./figures/systemOve
rview/OQPSK.pdf>] [15] [16] [17] [18]
[19] [20]
<figures/eq_equations/convolutionFigureRice.pdf, id=718, 4600.16615pt x 3207.31
256pt>
File: figures/eq_equations/convolutionFigureRice.pdf Graphic file (type pdf)
 <use figures/eq_equations/convolutionFigureRice.pdf>
Package pdftex.def Info: figures/eq_equations/convolutionFigureRice.pdf used on
 input line 648.
(pdftex.def)             Requested size: 397.48444pt x 277.09593pt.
LaTeX Font Info:    Try loading font information for OT1+pcr on input line 659.


("C:\Program Files (x86)\MiKTeX 2.9\tex\latex\psnfss\ot1pcr.fd"
File: ot1pcr.fd 2001/06/04 font definitions for OT1/pcr.
)

LaTeX Warning: `h' float specifier changed to `ht'.

[21 <./figures/eq_equations/convolutionFigureRice.pdf>] [22]
<figures/eq_equations/cyclicPrefix.pdf, id=740, 4815.49063pt x 2416.77907pt>
File: figures/eq_equations/cyclicPrefix.pdf Graphic file (type pdf)

<use figures/eq_equations/cyclicPrefix.pdf>
Package pdftex.def Info: figures/eq_equations/cyclicPrefix.pdf used on input li
ne 689.
(pdftex.def)             Requested size: 376.418pt x 188.88416pt.
 [23

 <./figures/eq_equations/cyclicPrefix.pdf>]
Package epstopdf Info: Source file: <figures/eq_equations/FDE2_spectrum_PSI.eps
>
(epstopdf)                    date: 2017-04-11 06:23:13
(epstopdf)                    size: 437409 bytes
(epstopdf)             Output file: <figures/eq_equations/FDE2_spectrum_PSI-eps
-converted-to.pdf>
(epstopdf)                    date: 2017-04-11 06:27:40
(epstopdf)                    size: 87130 bytes
(epstopdf)             Command: <epstopdf --outfile=figures/eq_equations/FDE2_s
pectrum_PSI-eps-converted-to.pdf figures/eq_equations/FDE2_spectrum_PSI.eps>
(epstopdf)             \includegraphics on input line 731.
Package epstopdf Info: Output file is already uptodate.

<figures/eq_equations/FDE2_spectrum_PSI-eps-converted-to.pdf, id=762, 320.19624
pt x 273.02pt>
File: figures/eq_equations/FDE2_spectrum_PSI-eps-converted-to.pdf Graphic file 
(type pdf)

<use figures/eq_equations/FDE2_spectrum_PSI-eps-converted-to.pdf>
Package pdftex.def Info: figures/eq_equations/FDE2_spectrum_PSI-eps-converted-t
o.pdf used on input line 731.
(pdftex.def)             Requested size: 361.34999pt x 308.1174pt.
) [24]
[25 <./figures/eq_equations/FDE2_spectrum_PSI-eps-converted-to.pdf>]
(signalProcessingInGPUs.tex [26



]
Chapter 3.
<figures/gpu_intro/k40c_k20c.jpg, id=788, 542.025pt x 440.847pt>
File: figures/gpu_intro/k40c_k20c.jpg Graphic file (type jpg)

<use figures/gpu_intro/k40c_k20c.jpg>
Package pdftex.def Info: figures/gpu_intro/k40c_k20c.jpg used on input line 8.
(pdftex.def)             Requested size: 361.34999pt x 293.90623pt.
 [27] [28 <./figures/gpu_intro/k40c_k20c.jpg>]
<figures/gpu_intro/CPUaddBlockDiagram.pdf, id=804, 1505.78563pt x 1465.87653pt>
File: figures/gpu_intro/CPUaddBlockDiagram.pdf Graphic file (type pdf)
<use figures/gpu_intro/CPUaddBlockDiagram.pdf>
Package pdftex.def Info: figures/gpu_intro/CPUaddBlockDiagram.pdf used on input
 line 50.
(pdftex.def)             Requested size: 126.0025pt x 122.6407pt.

<figures/gpu_intro/GPUaddBlockDiagram.pdf, id=805, 2194.67928pt x 1791.8844pt>
File: figures/gpu_intro/GPUaddBlockDiagram.pdf Graphic file (type pdf)

<use figures/gpu_intro/GPUaddBlockDiagram.pdf>
Package pdftex.def Info: figures/gpu_intro/GPUaddBlockDiagram.pdf used on input
 line 55.
(pdftex.def)             Requested size: 186.41975pt x 152.18512pt.
 [29 <./figures/gpu_intro/CPUaddBlockDiagram.pdf> <./figures/gpu_intro/GPUaddBl
ockDiagram.pdf>]
("C:\Program Files (x86)\MiKTeX 2.9\tex\latex\listings\lstlang1.sty"
File: lstlang1.sty 2015/06/04 1.6 listings language file
)
("C:\Program Files (x86)\MiKTeX 2.9\tex\latex\listings\lstlang1.sty"
File: lstlang1.sty 2015/06/04 1.6 listings language file
)
("C:\Program Files (x86)\MiKTeX 2.9\tex\latex\listings\lstlang1.sty"
File: lstlang1.sty 2015/06/04 1.6 listings language file
)
("C:\Program Files (x86)\MiKTeX 2.9\tex\latex\listings\lstmisc.sty"
File: lstmisc.sty 2015/06/04 1.6 (Carsten Heinz)
) [30

]
[31]
<figures/gpu_intro/threadsBlocks32.pdf, id=934, 1866.41284pt x 516.4836pt>
File: figures/gpu_intro/threadsBlocks32.pdf Graphic file (type pdf)

<use figures/gpu_intro/threadsBlocks32.pdf>
Package pdftex.def Info: figures/gpu_intro/threadsBlocks32.pdf used on input li
ne 187.
(pdftex.def)             Requested size: 158.9936pt x 43.99115pt.

<figures/gpu_intro/threadsBlocks36.pdf, id=935, 2321.91464pt x 516.4836pt>
File: figures/gpu_intro/threadsBlocks36.pdf Graphic file (type pdf)

<use figures/gpu_intro/threadsBlocks36.pdf>
Package pdftex.def Info: figures/gpu_intro/threadsBlocks36.pdf used on input li
ne 192.
(pdftex.def)             Requested size: 198.74222pt x 44.20393pt.

<figures/gpu_intro/MemoryPyramid.pdf, id=937, 3831.46422pt x 1823.50253pt>
File: figures/gpu_intro/MemoryPyramid.pdf Graphic file (type pdf)

<use figures/gpu_intro/MemoryPyramid.pdf>
Package pdftex.def Info: figures/gpu_intro/MemoryPyramid.pdf used on input line
 209.
(pdftex.def)             Requested size: 332.29698pt x 158.1259pt.
 [32 <./figures/gpu_intro/threadsBlocks32.pdf> <./figures/gpu_intro/threadsBloc
ks36.pdf>]
<figures/gpu_intro/Kepler_box.png, id=955, 681.2652pt x 305.943pt>
File: figures/gpu_intro/Kepler_box.png Graphic file (type png)

<use figures/gpu_intro/Kepler_box.png>
Package pdftex.def Info: figures/gpu_intro/Kepler_box.png used on input line 22
0.
(pdftex.def)             Requested size: 469.75499pt x 210.96083pt.

<figures/gpu_intro/fullGPUmemBlockDiagram.pdf, id=958, 4463.13419pt x 3373.7042
2pt>
File: figures/gpu_intro/fullGPUmemBlockDiagram.pdf Graphic file (type pdf)
 <use figures/gpu_intro/fullGPUmemBlockDiagram.pdf>
Package pdftex.def Info: figures/gpu_intro/fullGPUmemBlockDiagram.pdf used on i
nput line 232.
(pdftex.def)             Requested size: 390.72777pt x 295.33224pt.
 [33 <./figures/gpu_intro/MemoryPyramid.pdf>] [34 <./figures/gpu_intro/Kepler_b
ox.png> <./figures/gpu_intro/fullGPUmemBlockDiagram.pdf>] [35]
Package epstopdf Info: Source file: <figures/gpu_intro/ConvGPU_shared_12672_186
taps.eps>
(epstopdf)                    date: 2017-04-05 11:45:12
(epstopdf)                    size: 39260 bytes
(epstopdf)             Output file: <figures/gpu_intro/ConvGPU_shared_12672_186
taps-eps-converted-to.pdf>
(epstopdf)                    date: 2017-04-05 11:45:46
(epstopdf)                    size: 10810 bytes
(epstopdf)             Command: <epstopdf --outfile=figures/gpu_intro/ConvGPU_s
hared_12672_186taps-eps-converted-to.pdf figures/gpu_intro/ConvGPU_shared_12672
_186taps.eps>
(epstopdf)             \includegraphics on input line 317.
Package epstopdf Info: Output file is already uptodate.

<figures/gpu_intro/ConvGPU_shared_12672_186taps-eps-converted-to.pdf, id=991, 3
31.2375pt x 266.9975pt>
File: figures/gpu_intro/ConvGPU_shared_12672_186taps-eps-converted-to.pdf Graph
ic file (type pdf)

<use figures/gpu_intro/ConvGPU_shared_12672_186taps-eps-converted-to.pdf>
Package pdftex.def Info: figures/gpu_intro/ConvGPU_shared_12672_186taps-eps-con
verted-to.pdf used on input line 317.
(pdftex.def)             Requested size: 361.34999pt x 291.28223pt.
Package epstopdf Info: Source file: <figures/gpu_intro/ConvGPU_global_12672_186
taps.eps>
(epstopdf)                    date: 2017-04-05 11:45:12
(epstopdf)                    size: 37706 bytes
(epstopdf)             Output file: <figures/gpu_intro/ConvGPU_global_12672_186
taps-eps-converted-to.pdf>
(epstopdf)                    date: 2017-04-05 11:45:47
(epstopdf)                    size: 10789 bytes
(epstopdf)             Command: <epstopdf --outfile=figures/gpu_intro/ConvGPU_g
lobal_12672_186taps-eps-converted-to.pdf figures/gpu_intro/ConvGPU_global_12672
_186taps.eps>
(epstopdf)             \includegraphics on input line 323.
Package epstopdf Info: Output file is already uptodate.

<figures/gpu_intro/ConvGPU_global_12672_186taps-eps-converted-to.pdf, id=992, 3
31.2375pt x 266.9975pt>
File: figures/gpu_intro/ConvGPU_global_12672_186taps-eps-converted-to.pdf Graph
ic file (type pdf)

<use figures/gpu_intro/ConvGPU_global_12672_186taps-eps-converted-to.pdf>
Package pdftex.def Info: figures/gpu_intro/ConvGPU_global_12672_186taps-eps-con
verted-to.pdf used on input line 323.
(pdftex.def)             Requested size: 361.34999pt x 291.28223pt.

[36

]
<figures/gpu_intro/concurrentCPU_blocking.pdf, id=1027, 4012.1593pt x 1243.7767
5pt>
File: figures/gpu_intro/concurrentCPU_blocking.pdf Graphic file (type pdf)
 <use figures/gpu_intro/concurrentCPU_blocking.pdf>
Package pdftex.def Info: figures/gpu_intro/concurrentCPU_blocking.pdf used on i
nput line 348.
(pdftex.def)             Requested size: 348.59406pt x 108.06346pt.
 [37 <./figures/gpu_intro/ConvGPU_shared_12672_186taps-eps-converted-to.pdf>]
<figures/gpu_intro/concurrentCPU_nonBlocking.pdf, id=1038, 4554.23479pt x 1541.
16782pt>
File: figures/gpu_intro/concurrentCPU_nonBlocking.pdf Graphic file (type pdf)
 <use figures/gpu_intro/concurrentCPU_nonBlocking.pdf>
Package pdftex.def Info: figures/gpu_intro/concurrentCPU_nonBlocking.pdf used o
n input line 361.
(pdftex.def)             Requested size: 396.29189pt x 134.08992pt.
 [38 <./figures/gpu_intro/ConvGPU_global_12672_186taps-eps-converted-to.pdf> <.
/figures/gpu_intro/concurrentCPU_blocking.pdf>]
<figures/gpu_intro/concurrentCPU_nonBlocking_multiGPU.pdf, id=1055, 5200.97081p
t x 2257.16272pt>
File: figures/gpu_intro/concurrentCPU_nonBlocking_multiGPU.pdf Graphic file (ty
pe pdf)

<use figures/gpu_intro/concurrentCPU_nonBlocking_multiGPU.pdf>
Package pdftex.def Info: figures/gpu_intro/concurrentCPU_nonBlocking_multiGPU.p
df used on input line 370.
(pdftex.def)             Requested size: 453.13232pt x 196.62643pt.
 [39 <./figures/gpu_intro/concurrentCPU_nonBlocking.pdf>] [40 <./figures/gpu_in
tro/concurrentCPU_nonBlocking_multiGPU.pdf>] [41

]
<figures/gpu_convolution/convBlock.pdf, id=1127, 4648.34616pt x 3208.81819pt>
File: figures/gpu_convolution/convBlock.pdf Graphic file (type pdf)

<use figures/gpu_convolution/convBlock.pdf>
Package pdftex.def Info: figures/gpu_convolution/convBlock.pdf used on input li
ne 458.
(pdftex.def)             Requested size: 408.61435pt x 282.0733pt.
 [42

] [43 <./figures/gpu_convolution/convBlock.pdf>]
Package epstopdf Info: Source file: <figures/gpu_intro/Theory186Tap_flops.eps>
(epstopdf)                    date: 2017-04-05 11:41:59
(epstopdf)                    size: 725019 bytes
(epstopdf)             Output file: <figures/gpu_intro/Theory186Tap_flops-eps-c
onverted-to.pdf>
(epstopdf)                    date: 2017-04-05 11:42:25
(epstopdf)                    size: 105924 bytes
(epstopdf)             Command: <epstopdf --outfile=figures/gpu_intro/Theory186
Tap_flops-eps-converted-to.pdf figures/gpu_intro/Theory186Tap_flops.eps>
(epstopdf)             \includegraphics on input line 501.
Package epstopdf Info: Output file is already uptodate.

<figures/gpu_intro/Theory186Tap_flops-eps-converted-to.pdf, id=1154, 320.19624p
t x 282.05376pt>
File: figures/gpu_intro/Theory186Tap_flops-eps-converted-to.pdf Graphic file (t
ype pdf)

<use figures/gpu_intro/Theory186Tap_flops-eps-converted-to.pdf>
Package pdftex.def Info: figures/gpu_intro/Theory186Tap_flops-eps-converted-to.
pdf used on input line 501.
(pdftex.def)             Requested size: 361.34999pt x 318.31245pt.
Package epstopdf Info: Source file: <figures/gpu_intro/Theory21Tap_flops.eps>
(epstopdf)                    date: 2017-04-05 11:41:59
(epstopdf)                    size: 729631 bytes
(epstopdf)             Output file: <figures/gpu_intro/Theory21Tap_flops-eps-co
nverted-to.pdf>
(epstopdf)                    date: 2017-04-05 11:42:26
(epstopdf)                    size: 103252 bytes
(epstopdf)             Command: <epstopdf --outfile=figures/gpu_intro/Theory21T
ap_flops-eps-converted-to.pdf figures/gpu_intro/Theory21Tap_flops.eps>
(epstopdf)             \includegraphics on input line 506.
Package epstopdf Info: Output file is already uptodate.

<figures/gpu_intro/Theory21Tap_flops-eps-converted-to.pdf, id=1155, 313.17pt x 
282.05376pt>
File: figures/gpu_intro/Theory21Tap_flops-eps-converted-to.pdf Graphic file (ty
pe pdf)
 <use figures/gpu_intro/Theory21Tap_flops-eps-converted-to.pdf>
Package pdftex.def Info: figures/gpu_intro/Theory21Tap_flops-eps-converted-to.p
df used on input line 506.
(pdftex.def)             Requested size: 361.34999pt x 325.45676pt.
Package epstopdf Info: Source file: <figures/gpu_intro/Theory12672signal_flops.
eps>
(epstopdf)                    date: 2017-04-05 11:42:00
(epstopdf)                    size: 95600 bytes
(epstopdf)             Output file: <figures/gpu_intro/Theory12672signal_flops-
eps-converted-to.pdf>
(epstopdf)                    date: 2017-04-05 11:42:24
(epstopdf)                    size: 7543 bytes
(epstopdf)             Command: <epstopdf --outfile=figures/gpu_intro/Theory126
72signal_flops-eps-converted-to.pdf figures/gpu_intro/Theory12672signal_flops.e
ps>
(epstopdf)             \includegraphics on input line 511.
Package epstopdf Info: Output file is already uptodate.

<figures/gpu_intro/Theory12672signal_flops-eps-converted-to.pdf, id=1156, 314.1
7375pt x 282.05376pt>
File: figures/gpu_intro/Theory12672signal_flops-eps-converted-to.pdf Graphic fi
le (type pdf)

<use figures/gpu_intro/Theory12672signal_flops-eps-converted-to.pdf>
Package pdftex.def Info: figures/gpu_intro/Theory12672signal_flops-eps-converte
d-to.pdf used on input line 511.
(pdftex.def)             Requested size: 361.34999pt x 324.42384pt.
 [44]
[45 <./figures/gpu_intro/Theory186Tap_flops-eps-converted-to.pdf>]
Package epstopdf Info: Source file: <figures/gpu_intro/CPUvsGPU_1batch_186taps_
varySignal_noMin.eps>
(epstopdf)                    date: 2017-04-05 11:21:22
(epstopdf)                    size: 151096 bytes
(epstopdf)             Output file: <figures/gpu_intro/CPUvsGPU_1batch_186taps_
varySignal_noMin-eps-converted-to.pdf>
(epstopdf)                    date: 2017-04-05 11:40:43
(epstopdf)                    size: 45108 bytes
(epstopdf)             Command: <epstopdf --outfile=figures/gpu_intro/CPUvsGPU_
1batch_186taps_varySignal_noMin-eps-converted-to.pdf figures/gpu_intro/CPUvsGPU
_1batch_186taps_varySignal_noMin.eps>
(epstopdf)             \includegraphics on input line 581.
Package epstopdf Info: Output file is already uptodate.

<figures/gpu_intro/CPUvsGPU_1batch_186taps_varySignal_noMin-eps-converted-to.pd
f, id=1183, 317.185pt x 266.9975pt>
File: figures/gpu_intro/CPUvsGPU_1batch_186taps_varySignal_noMin-eps-converted-
to.pdf Graphic file (type pdf)

<use figures/gpu_intro/CPUvsGPU_1batch_186taps_varySignal_noMin-eps-converted-t
o.pdf>
Package pdftex.def Info: figures/gpu_intro/CPUvsGPU_1batch_186taps_varySignal_n
oMin-eps-converted-to.pdf used on input line 581.
(pdftex.def)             Requested size: 361.34999pt x 304.20103pt.
Package epstopdf Info: Source file: <figures/gpu_intro/CPUvsGPU_1batch_186taps_
varySignal.eps>
(epstopdf)                    date: 2017-04-05 15:41:50
(epstopdf)                    size: 30751 bytes
(epstopdf)             Output file: <figures/gpu_intro/CPUvsGPU_1batch_186taps_
varySignal-eps-converted-to.pdf>
(epstopdf)                    date: 2017-04-05 15:42:33
(epstopdf)                    size: 7325 bytes
(epstopdf)             Command: <epstopdf --outfile=figures/gpu_intro/CPUvsGPU_
1batch_186taps_varySignal-eps-converted-to.pdf figures/gpu_intro/CPUvsGPU_1batc
h_186taps_varySignal.eps>
(epstopdf)             \includegraphics on input line 586.
Package epstopdf Info: Output file is already uptodate.

<figures/gpu_intro/CPUvsGPU_1batch_186taps_varySignal-eps-converted-to.pdf, id=
1184, 313.17pt x 266.9975pt>
File: figures/gpu_intro/CPUvsGPU_1batch_186taps_varySignal-eps-converted-to.pdf
 Graphic file (type pdf)

<use figures/gpu_intro/CPUvsGPU_1batch_186taps_varySignal-eps-converted-to.pdf>
Package pdftex.def Info: figures/gpu_intro/CPUvsGPU_1batch_186taps_varySignal-e
ps-converted-to.pdf used on input line 586.
(pdftex.def)             Requested size: 361.34999pt x 308.08359pt.
Package epstopdf Info: Source file: <figures/gpu_intro/CPUvsGPU_1batch_21taps_v
arySignal.eps>
(epstopdf)                    date: 2017-04-05 15:42:03
(epstopdf)                    size: 40138 bytes
(epstopdf)             Output file: <figures/gpu_intro/CPUvsGPU_1batch_21taps_v
arySignal-eps-converted-to.pdf>
(epstopdf)                    date: 2017-04-05 15:42:33
(epstopdf)                    size: 11425 bytes
(epstopdf)             Command: <epstopdf --outfile=figures/gpu_intro/CPUvsGPU_
1batch_21taps_varySignal-eps-converted-to.pdf figures/gpu_intro/CPUvsGPU_1batch
_21taps_varySignal.eps>
(epstopdf)             \includegraphics on input line 591.
Package epstopdf Info: Output file is already uptodate.

<figures/gpu_intro/CPUvsGPU_1batch_21taps_varySignal-eps-converted-to.pdf, id=1
185, 320.19624pt x 266.9975pt>
File: figures/gpu_intro/CPUvsGPU_1batch_21taps_varySignal-eps-converted-to.pdf 
Graphic file (type pdf)

<use figures/gpu_intro/CPUvsGPU_1batch_21taps_varySignal-eps-converted-to.pdf>
Package pdftex.def Info: figures/gpu_intro/CPUvsGPU_1batch_21taps_varySignal-ep
s-converted-to.pdf used on input line 591.
(pdftex.def)             Requested size: 361.34999pt x 301.32068pt.
Package epstopdf Info: Source file: <figures/gpu_intro/CPUvsGPU_1batch_12672sig
nal_varyFilter.eps>
(epstopdf)                    date: 2017-04-05 11:31:09
(epstopdf)                    size: 36912 bytes
(epstopdf)             Output file: <figures/gpu_intro/CPUvsGPU_1batch_12672sig
nal_varyFilter-eps-converted-to.pdf>
(epstopdf)                    date: 2017-04-05 11:40:45
(epstopdf)                    size: 8892 bytes
(epstopdf)             Command: <epstopdf --outfile=figures/gpu_intro/CPUvsGPU_
1batch_12672signal_varyFilter-eps-converted-to.pdf figures/gpu_intro/CPUvsGPU_1
batch_12672signal_varyFilter.eps>
(epstopdf)             \includegraphics on input line 596.
Package epstopdf Info: Output file is already uptodate.

<figures/gpu_intro/CPUvsGPU_1batch_12672signal_varyFilter-eps-converted-to.pdf,
 id=1186, 311.1625pt x 266.9975pt>
File: figures/gpu_intro/CPUvsGPU_1batch_12672signal_varyFilter-eps-converted-to
.pdf Graphic file (type pdf)

<use figures/gpu_intro/CPUvsGPU_1batch_12672signal_varyFilter-eps-converted-to.
pdf>
Package pdftex.def Info: figures/gpu_intro/CPUvsGPU_1batch_12672signal_varyFilt
er-eps-converted-to.pdf used on input line 596.
(pdftex.def)             Requested size: 361.34999pt x 310.06358pt.
 [46 <./figures/gpu_intro/Theory21Tap_flops-eps-converted-to.pdf>] [47 <./figur
es/gpu_intro/Theory12672signal_flops-eps-converted-to.pdf>] [48 <./figures/gpu_
intro/CPUvsGPU_1batch_186taps_varySignal_noMin-eps-converted-to.pdf>]
[49 <./figures/gpu_intro/CPUvsGPU_1batch_186taps_varySignal-eps-converted-to.pd
f>] [50 <./figures/gpu_intro/CPUvsGPU_1batch_21taps_varySignal-eps-converted-to
.pdf>] [51 <./figures/gpu_intro/CPUvsGPU_1batch_12672signal_varyFilter-eps-conv
erted-to.pdf>]
Package epstopdf Info: Source file: <figures/gpu_intro/CPUvsGPU_varyBatches_186
taps_12672signal.eps>
(epstopdf)                    date: 2017-04-06 07:11:19
(epstopdf)                    size: 244444 bytes
(epstopdf)             Output file: <figures/gpu_intro/CPUvsGPU_varyBatches_186
taps_12672signal-eps-converted-to.pdf>
(epstopdf)                    date: 2017-04-06 07:11:33
(epstopdf)                    size: 75727 bytes
(epstopdf)             Command: <epstopdf --outfile=figures/gpu_intro/CPUvsGPU_
varyBatches_186taps_12672signal-eps-converted-to.pdf figures/gpu_intro/CPUvsGPU
_varyBatches_186taps_12672signal.eps>
(epstopdf)             \includegraphics on input line 670.
Package epstopdf Info: Output file is already uptodate.

<figures/gpu_intro/CPUvsGPU_varyBatches_186taps_12672signal-eps-converted-to.pd
f, id=1251, 329.23pt x 266.9975pt>
File: figures/gpu_intro/CPUvsGPU_varyBatches_186taps_12672signal-eps-converted-
to.pdf Graphic file (type pdf)

<use figures/gpu_intro/CPUvsGPU_varyBatches_186taps_12672signal-eps-converted-t
o.pdf>
Package pdftex.def Info: figures/gpu_intro/CPUvsGPU_varyBatches_186taps_12672si
gnal-eps-converted-to.pdf used on input line 670.
(pdftex.def)             Requested size: 361.34999pt x 293.05443pt.
Package epstopdf Info: Source file: <figures/gpu_intro/CPUvsGPU_varyBatches_186
taps_12672signal_timePerBatch.eps>
(epstopdf)                    date: 2017-04-06 07:11:20
(epstopdf)                    size: 26092 bytes
(epstopdf)             Output file: <figures/gpu_intro/CPUvsGPU_varyBatches_186
taps_12672signal_timePerBatch-eps-converted-to.pdf>
(epstopdf)                    date: 2017-04-06 07:11:34
(epstopdf)                    size: 5566 bytes
(epstopdf)             Command: <epstopdf --outfile=figures/gpu_intro/CPUvsGPU_
varyBatches_186taps_12672signal_timePerBatch-eps-converted-to.pdf figures/gpu_i
ntro/CPUvsGPU_varyBatches_186taps_12672signal_timePerBatch.eps>
(epstopdf)             \includegraphics on input line 679.
Package epstopdf Info: Output file is already uptodate.

<figures/gpu_intro/CPUvsGPU_varyBatches_186taps_12672signal_timePerBatch-eps-co
nverted-to.pdf, id=1254, 328.22626pt x 271.0125pt>
File: figures/gpu_intro/CPUvsGPU_varyBatches_186taps_12672signal_timePerBatch-e
ps-converted-to.pdf Graphic file (type pdf)

<use figures/gpu_intro/CPUvsGPU_varyBatches_186taps_12672signal_timePerBatch-ep
s-converted-to.pdf>
Package pdftex.def Info: figures/gpu_intro/CPUvsGPU_varyBatches_186taps_12672si
gnal_timePerBatch-eps-converted-to.pdf used on input line 679.
(pdftex.def)             Requested size: 361.34999pt x 298.36691pt.
Package epstopdf Info: Source file: <figures/gpu_intro/CPUvsGPU_3104batch_186ta
ps_varySignal.eps>
(epstopdf)                    date: 2017-04-05 11:33:16
(epstopdf)                    size: 25396 bytes
(epstopdf)             Output file: <figures/gpu_intro/CPUvsGPU_3104batch_186ta
ps_varySignal-eps-converted-to.pdf>
(epstopdf)                    date: 2017-04-05 11:40:47
(epstopdf)                    size: 6217 bytes
(epstopdf)             Command: <epstopdf --outfile=figures/gpu_intro/CPUvsGPU_
3104batch_186taps_varySignal-eps-converted-to.pdf figures/gpu_intro/CPUvsGPU_31
04batch_186taps_varySignal.eps>
(epstopdf)             \includegraphics on input line 692.
Package epstopdf Info: Output file is already uptodate.

<figures/gpu_intro/CPUvsGPU_3104batch_186taps_varySignal-eps-converted-to.pdf, 
id=1259, 325.215pt x 266.9975pt>
File: figures/gpu_intro/CPUvsGPU_3104batch_186taps_varySignal-eps-converted-to.
pdf Graphic file (type pdf)

<use figures/gpu_intro/CPUvsGPU_3104batch_186taps_varySignal-eps-converted-to.p
df>
Package pdftex.def Info: figures/gpu_intro/CPUvsGPU_3104batch_186taps_varySigna
l-eps-converted-to.pdf used on input line 692.
(pdftex.def)             Requested size: 361.34999pt x 296.6844pt.
Package epstopdf Info: Source file: <figures/gpu_intro/CPUvsGPU_3104batch_21tap
s_varySignal.eps>
(epstopdf)                    date: 2017-04-05 11:34:30
(epstopdf)                    size: 48401 bytes
(epstopdf)             Output file: <figures/gpu_intro/CPUvsGPU_3104batch_21tap
s_varySignal-eps-converted-to.pdf>
(epstopdf)                    date: 2017-04-05 11:40:47
(epstopdf)                    size: 14570 bytes
(epstopdf)             Command: <epstopdf --outfile=figures/gpu_intro/CPUvsGPU_
3104batch_21taps_varySignal-eps-converted-to.pdf figures/gpu_intro/CPUvsGPU_310
4batch_21taps_varySignal.eps>
(epstopdf)             \includegraphics on input line 697.
Package epstopdf Info: Output file is already uptodate.

<figures/gpu_intro/CPUvsGPU_3104batch_21taps_varySignal-eps-converted-to.pdf, i
d=1260, 317.185pt x 266.9975pt>
File: figures/gpu_intro/CPUvsGPU_3104batch_21taps_varySignal-eps-converted-to.p
df Graphic file (type pdf)

<use figures/gpu_intro/CPUvsGPU_3104batch_21taps_varySignal-eps-converted-to.pd
f>
Package pdftex.def Info: figures/gpu_intro/CPUvsGPU_3104batch_21taps_varySignal
-eps-converted-to.pdf used on input line 697.
(pdftex.def)             Requested size: 361.34999pt x 304.20103pt.
Package epstopdf Info: Source file: <figures/gpu_intro/CPUvsGPU_3104batch_12672
signal_varyFilter.eps>
(epstopdf)                    date: 2017-04-06 07:49:32
(epstopdf)                    size: 38126 bytes
(epstopdf)             Output file: <figures/gpu_intro/CPUvsGPU_3104batch_12672
signal_varyFilter-eps-converted-to.pdf>
(epstopdf)                    date: 2017-04-06 07:50:41
(epstopdf)                    size: 9899 bytes
(epstopdf)             Command: <epstopdf --outfile=figures/gpu_intro/CPUvsGPU_
3104batch_12672signal_varyFilter-eps-converted-to.pdf figures/gpu_intro/CPUvsGP
U_3104batch_12672signal_varyFilter.eps>
(epstopdf)             \includegraphics on input line 702.
Package epstopdf Info: Output file is already uptodate.

<figures/gpu_intro/CPUvsGPU_3104batch_12672signal_varyFilter-eps-converted-to.p
df, id=1261, 319.1925pt x 266.9975pt>
File: figures/gpu_intro/CPUvsGPU_3104batch_12672signal_varyFilter-eps-converted
-to.pdf Graphic file (type pdf)

<use figures/gpu_intro/CPUvsGPU_3104batch_12672signal_varyFilter-eps-converted-
to.pdf>
Package pdftex.def Info: figures/gpu_intro/CPUvsGPU_3104batch_12672signal_varyF
ilter-eps-converted-to.pdf used on input line 702.
(pdftex.def)             Requested size: 361.34999pt x 302.26178pt.
 [52] [53 <./figures/gpu_intro/CPUvsGPU_varyBatches_186taps_12672signal-eps-con
verted-to.pdf>]
<figures/gpu_convolution/CascadeConvBlock.pdf, id=1279, 4649.09897pt x 3811.138
28pt>
File: figures/gpu_convolution/CascadeConvBlock.pdf Graphic file (type pdf)
 <use figures/gpu_convolution/CascadeConvBlock.pdf>
Package pdftex.def Info: figures/gpu_convolution/CascadeConvBlock.pdf used on i
nput line 747.
(pdftex.def)             Requested size: 408.61435pt x 334.96251pt.
 [54 <./figures/gpu_intro/CPUvsGPU_varyBatches_186taps_12672signal_timePerBatch
-eps-converted-to.pdf>] [55 <./figures/gpu_intro/CPUvsGPU_3104batch_186taps_var
ySignal-eps-converted-to.pdf>] [56 <./figures/gpu_intro/CPUvsGPU_3104batch_21ta
ps_varySignal-eps-converted-to.pdf>] [57 <./figures/gpu_intro/CPUvsGPU_3104batc
h_12672signal_varyFilter-eps-converted-to.pdf>] [58 <./figures/gpu_convolution/
CascadeConvBlock.pdf>]
[59

] [60] [61] [62] [63] [64] [65

] [66] [67] [68]) [69]
(equalizer_implementation_performance.tex [70



]
Chapter 4.

<figures/eq_GPUimplementation/Conv2.pdf, id=1998, 4646.84053pt x 2496.58723pt>
File: figures/eq_GPUimplementation/Conv2.pdf Graphic file (type pdf)

<use figures/eq_GPUimplementation/Conv2.pdf>
Package pdftex.def Info: figures/eq_GPUimplementation/Conv2.pdf used on input l
ine 22.
(pdftex.def)             Requested size: 408.61435pt x 219.50226pt.

<figures/eq_GPUimplementation/Conv3.pdf, id=1999, 4829.04124pt x 2496.58723pt>
File: figures/eq_GPUimplementation/Conv3.pdf Graphic file (type pdf)

<use figures/eq_GPUimplementation/Conv3.pdf>
Package pdftex.def Info: figures/eq_GPUimplementation/Conv3.pdf used on input l
ine 27.
(pdftex.def)             Requested size: 408.61435pt x 211.23569pt.
 [71] [72 <./figures/eq_GPUimplementation/Conv2.pdf> <./figures/eq_GPUimplement
ation/Conv3.pdf>] [73

]
<figures/eq_GPUimplementation/blockZF.pdf, id=2037, 3494.91708pt x 2195.4321pt>
File: figures/eq_GPUimplementation/blockZF.pdf Graphic file (type pdf)
<use figures/eq_GPUimplementation/blockZF.pdf>
Package pdftex.def Info: figures/eq_GPUimplementation/blockZF.pdf used on input
 line 224.
(pdftex.def)             Requested size: 298.11333pt x 187.2625pt.

<figures/eq_GPUimplementation/blockMMSE.pdf, id=2038, 3732.83572pt x 2458.94661
pt>
File: figures/eq_GPUimplementation/blockMMSE.pdf Graphic file (type pdf)
 <use figures/eq_GPUimplementation/blockMMSE.pdf>
Package pdftex.def Info: figures/eq_GPUimplementation/blockMMSE.pdf used on inp
ut line 229.
(pdftex.def)             Requested size: 317.19246pt x 208.9139pt.
 [74] [75 <./figures/eq_GPUimplementation/blockZF.pdf> <./figures/eq_GPUimpleme
ntation/blockMMSE.pdf>]
[76

]
<figures/eq_GPUimplementation/blockCMA.pdf, id=2075, 3595.804pt x 2834.63019pt>
File: figures/eq_GPUimplementation/blockCMA.pdf Graphic file (type pdf)
<use figures/eq_GPUimplementation/blockCMA.pdf>
Package pdftex.def Info: figures/eq_GPUimplementation/blockCMA.pdf used on inpu
t line 553.
(pdftex.def)             Requested size: 331.50223pt x 261.29088pt.
 [77] [78 <./figures/eq_GPUimplementation/blockCMA.pdf>]
<figures/eq_GPUimplementation/blockFDE1.pdf, id=2101, 4588.12115pt x 1480.17996
pt>
File: figures/eq_GPUimplementation/blockFDE1.pdf Graphic file (type pdf)
 <use figures/eq_GPUimplementation/blockFDE1.pdf>
Package pdftex.def Info: figures/eq_GPUimplementation/blockFDE1.pdf used on inp
ut line 633.
(pdftex.def)             Requested size: 386.75232pt x 124.7634pt.

<figures/eq_GPUimplementation/blockFDE2.pdf, id=2102, 4727.40176pt x 1480.17996
pt>
File: figures/eq_GPUimplementation/blockFDE2.pdf Graphic file (type pdf)
 <use figures/eq_GPUimplementation/blockFDE2.pdf>
Package pdftex.def Info: figures/eq_GPUimplementation/blockFDE2.pdf used on inp
ut line 638.
(pdftex.def)             Requested size: 398.67699pt x 124.80856pt.
) [79] [80 <./figures/eq_GPUimplementation/blockFDE1.pdf> <./figures/eq_GPUimpl
ementation/blockFDE2.pdf>]
(final_summary.tex
Chapter 5.
[81



]) [82] (master.bbl (master.brf)
\tf@brf=\write7
Missing character: There is no  in font ptmr7t!
Missing character: There is no  in font ptmr7t!
Missing character: There is no  in font ptmr7t!
 [83


])
Package atveryend Info: Empty hook `BeforeClearDocument' on input line 298.
 [84]
Package atveryend Info: Empty hook `AfterLastShipout' on input line 298.
 (master.aux
(intro-problemStatement.aux) (systemOverview.aux) (signalProcessingInGPUs.aux)
(equalizer_implementation_performance.aux) (final_summary.aux))
Package atveryend Info: Executing hook `AtVeryEndDocument' on input line 298.
Package atveryend Info: Executing hook `AtEndAfterFileList' on input line 298.
Package rerunfilecheck Info: File `master.out' has not changed.
(rerunfilecheck)             Checksum: 9F4679921B0F0D32967DC1ADFFCF887C;3460.
Package rerunfilecheck Info: File `master.brf' has not changed.
(rerunfilecheck)             Checksum: A0AED8C293F9F0393067AE44D29F961F;1567.


LaTeX Warning: There were undefined references.


LaTeX Warning: There were multiply-defined labels.

Package atveryend Info: Empty hook `AtVeryVeryEnd' on input line 298.
 )
(\end occurred when \iffalse on line 256 was incomplete)
(\end occurred when \iffalse on line 256 was incomplete) 
Here is how much of TeX's memory you used:
 12454 strings out of 493636
 193554 string characters out of 3141310
 478669 words of memory out of 3000000
 14397 multiletter control sequences out of 15000+200000
 23298 words of font info for 66 fonts, out of 3000000 for 9000
 1025 hyphenation exceptions out of 8191
 73i,17n,149p,406b,1998s stack positions out of 5000i,500n,10000p,200000b,50000s
{C:/Program Files (x86)
/MiKTeX 2.9/fonts/enc/dvips/fontname/8r.enc}<C:/Program Files (x86)/MiKTeX 2.9/
fonts/type1/public/amsfonts/cm/cmbx12.pfb><C:/Program Files (x86)/MiKTeX 2.9/fo
nts/type1/public/amsfonts/cm/cmbx8.pfb><C:/Program Files (x86)/MiKTeX 2.9/fonts
/type1/public/amsfonts/cm/cmex10.pfb><C:/Program Files (x86)/MiKTeX 2.9/fonts/t
ype1/public/amsfonts/cm/cmmi12.pfb><C:/Program Files (x86)/MiKTeX 2.9/fonts/typ
e1/public/amsfonts/cm/cmmi6.pfb><C:/Program Files (x86)/MiKTeX 2.9/fonts/type1/
public/amsfonts/cm/cmmi8.pfb><C:/Program Files (x86)/MiKTeX 2.9/fonts/type1/pub
lic/amsfonts/cm/cmr12.pfb><C:/Program Files (x86)/MiKTeX 2.9/fonts/type1/public
/amsfonts/cm/cmr6.pfb><C:/Program Files (x86)/MiKTeX 2.9/fonts/type1/public/ams
fonts/cm/cmr8.pfb><C:/Program Files (x86)/MiKTeX 2.9/fonts/type1/public/amsfont
s/cm/cmsy10.pfb><C:/Program Files (x86)/MiKTeX 2.9/fonts/type1/public/amsfonts/
cm/cmsy8.pfb><C:/Program Files (x86)/MiKTeX 2.9/fonts/type1/public/rsfs/rsfs10.
pfb><C:/Program Files (x86)/MiKTeX 2.9/fonts/type1/urw/courier/ucrr8a.pfb><C:/P
rogram Files (x86)/MiKTeX 2.9/fonts/type1/urw/times/utmb8a.pfb><C:/Program File
s (x86)/MiKTeX 2.9/fonts/type1/urw/times/utmr8a.pfb><C:/Program Files (x86)/MiK
TeX 2.9/fonts/type1/urw/times/utmri8a.pfb>
Output written on master.pdf (98 pages, 13582821 bytes).
PDF statistics:
 2472 PDF objects out of 2487 (max. 8388607)
 1109 named destinations out of 1200 (max. 500000)
 588 words of extra memory for PDF output out of 10000 (max. 10000000)

